2016-08-20 11:06:41 - PHP Warning:  imagepng(/opt/lampp/htdocs/image/cache/catalog/logo-100x100.png): failed to open stream: Permission denied in /opt/lampp/htdocs/system/library/image.php on line 66
2016-08-20 11:06:41 - PHP Warning:  imagepng(/opt/lampp/htdocs/image/cache/catalog/cart-100x100.png): failed to open stream: Permission denied in /opt/lampp/htdocs/system/library/image.php on line 66
2016-08-20 11:06:45 - PHP Warning:  imagepng(/opt/lampp/htdocs/image/cache/catalog/logo-100x100.png): failed to open stream: Permission denied in /opt/lampp/htdocs/system/library/image.php on line 66
2016-08-20 11:06:45 - PHP Warning:  imagepng(/opt/lampp/htdocs/image/cache/catalog/cart-100x100.png): failed to open stream: Permission denied in /opt/lampp/htdocs/system/library/image.php on line 66
2016-08-20 15:28:57 - PHP Notice:  Undefined variable: captcha in /opt/lampp/htdocs/catalog/view/theme/pav_styleshop/template/product/product_detail_hitech.tpl on line 336
2016-08-20 18:33:05 - PHP Notice:  Undefined variable: captcha in /opt/lampp/htdocs/catalog/view/theme/pav_styleshop/template/product/product_detail_hitech.tpl on line 336
2016-08-21 5:13:30 - PHP Notice:  Undefined variable: captcha in /usr/share/nginx/html/chinchin/catalog/view/theme/pav_styleshop/template/product/product_detail_hitech.tpl on line 336
2016-08-23 17:09:32 - PHP Notice:  Undefined variable: output in /opt/lampp/htdocs/admin/model/verticalmenu/tree.php on line 144
2016-08-23 17:09:42 - PHP Notice:  Undefined variable: output in /opt/lampp/htdocs/admin/model/verticalmenu/tree.php on line 144
2016-08-23 17:09:43 - PHP Notice:  Undefined variable: output in /opt/lampp/htdocs/admin/model/verticalmenu/tree.php on line 144
2016-08-23 17:09:45 - PHP Notice:  Undefined variable: output in /opt/lampp/htdocs/admin/model/verticalmenu/tree.php on line 144
2016-08-23 17:09:46 - PHP Notice:  Undefined variable: output in /opt/lampp/htdocs/admin/model/verticalmenu/tree.php on line 144
2016-08-23 17:09:46 - PHP Notice:  Undefined variable: output in /opt/lampp/htdocs/admin/model/verticalmenu/tree.php on line 144
2016-08-23 17:09:46 - PHP Notice:  Undefined variable: output in /opt/lampp/htdocs/admin/model/verticalmenu/tree.php on line 144
2016-08-23 17:09:52 - PHP Notice:  Undefined variable: output in /opt/lampp/htdocs/admin/model/verticalmenu/tree.php on line 144
2016-08-24 5:35:48 - PHP Notice:  Undefined variable: captcha in /opt/lampp/htdocs/catalog/view/theme/pav_styleshop/template/product/product_detail_hitech.tpl on line 336
2016-08-24 5:50:05 - PHP Notice:  Undefined variable: attribute_groups in /opt/lampp/htdocs/catalog/view/theme/pav_styleshop/template/common/product/default.tpl on line 3
2016-08-24 5:50:05 - PHP Notice:  Undefined variable: attribute_groups in /opt/lampp/htdocs/catalog/view/theme/pav_styleshop/template/common/product/default.tpl on line 3
2016-08-24 5:50:20 - PHP Notice:  Undefined variable: attribute_groups in /opt/lampp/htdocs/catalog/view/theme/pav_styleshop/template/common/product/default.tpl on line 3
2016-08-24 5:50:20 - PHP Notice:  Undefined variable: attribute_groups in /opt/lampp/htdocs/catalog/view/theme/pav_styleshop/template/common/product/default.tpl on line 3
2016-08-24 5:51:49 - PHP Notice:  Undefined variable: attribute_groups in /opt/lampp/htdocs/catalog/view/theme/pav_styleshop/template/common/product/default.tpl on line 3
2016-08-24 5:51:49 - PHP Notice:  Undefined variable: attribute_groups in /opt/lampp/htdocs/catalog/view/theme/pav_styleshop/template/common/product/default.tpl on line 3
2016-08-24 5:56:56 - PHP Notice:  Undefined variable: attribute_groups in /opt/lampp/htdocs/catalog/view/theme/pav_styleshop/template/common/product/default.tpl on line 4
2016-08-24 5:56:56 - PHP Notice:  Undefined variable: attribute_groups in /opt/lampp/htdocs/catalog/view/theme/pav_styleshop/template/common/product/default.tpl on line 4
2016-08-24 6:14:43 - PHP Notice:  Undefined property: Loader::$cart in /opt/lampp/htdocs/catalog/view/theme/pav_styleshop/template/common/product/default.tpl on line 6
2016-08-24 6:16:15 - PHP Notice:  Undefined property: Loader::$data in /opt/lampp/htdocs/catalog/view/theme/pav_styleshop/template/common/product/default.tpl on line 6
2016-08-24 6:16:16 - PHP Notice:  Undefined property: Loader::$data in /opt/lampp/htdocs/catalog/view/theme/pav_styleshop/template/common/product/default.tpl on line 6
2016-08-24 6:29:32 - PHP Notice:  Undefined property: Loader::$data in /opt/lampp/htdocs/catalog/view/theme/pav_styleshop/template/common/product/default.tpl on line 6
2016-08-24 6:29:32 - PHP Notice:  Undefined property: Loader::$data in /opt/lampp/htdocs/catalog/view/theme/pav_styleshop/template/common/product/default.tpl on line 6
2016-08-24 6:30:07 - PHP Notice:  Undefined variable: product_id in /opt/lampp/htdocs/catalog/view/theme/pav_styleshop/template/common/product/default.tpl on line 6
2016-08-24 6:30:07 - PHP Notice:  Undefined variable: product_id in /opt/lampp/htdocs/catalog/view/theme/pav_styleshop/template/common/product/default.tpl on line 6
2016-08-24 6:30:24 - PHP Unknown:  Object of class Registry could not be converted to string in /opt/lampp/htdocs/catalog/view/theme/pav_styleshop/template/common/product/default.tpl on line 6
2016-08-24 6:30:24 - PHP Unknown:  Object of class Registry could not be converted to string in /opt/lampp/htdocs/catalog/view/theme/pav_styleshop/template/common/product/default.tpl on line 6
2016-08-24 6:33:03 - PHP Notice:  Undefined property: Loader::$load in /opt/lampp/htdocs/catalog/view/theme/pav_styleshop/template/common/product/default.tpl on line 7
2016-08-24 6:42:11 - PHP Notice:  Undefined index: attribute in /opt/lampp/htdocs/catalog/view/theme/pav_styleshop/template/common/product/default.tpl on line 7
2016-08-24 6:42:11 - PHP Notice:  Undefined index: attribute in /opt/lampp/htdocs/catalog/view/theme/pav_styleshop/template/common/product/default.tpl on line 7
2016-08-24 6:42:42 - PHP Notice:  Undefined variable: attribute_group in /opt/lampp/htdocs/catalog/view/theme/pav_styleshop/template/common/product/default.tpl on line 7
2016-08-24 6:42:42 - PHP Notice:  Undefined variable: attribute_group in /opt/lampp/htdocs/catalog/view/theme/pav_styleshop/template/common/product/default.tpl on line 7
2016-08-24 6:43:45 - PHP Notice:  Undefined variable: attribute_group in /opt/lampp/htdocs/catalog/view/theme/pav_styleshop/template/common/product/default.tpl on line 7
2016-08-24 6:43:45 - PHP Notice:  Undefined variable: attribute_group in /opt/lampp/htdocs/catalog/view/theme/pav_styleshop/template/common/product/default.tpl on line 7
2016-08-24 6:46:20 - PHP Notice:  Undefined index: tax in /opt/lampp/htdocs/catalog/view/theme/pav_styleshop/template/common/product/default.tpl on line 7
2016-08-24 6:46:20 - PHP Notice:  Undefined index: tax in /opt/lampp/htdocs/catalog/view/theme/pav_styleshop/template/common/product/default.tpl on line 7
2016-08-24 6:46:22 - PHP Notice:  Undefined index: tax in /opt/lampp/htdocs/catalog/view/theme/pav_styleshop/template/common/product/default.tpl on line 7
2016-08-24 6:46:22 - PHP Notice:  Undefined index: tax in /opt/lampp/htdocs/catalog/view/theme/pav_styleshop/template/common/product/default.tpl on line 7
2016-08-24 6:47:09 - PHP Notice:  Undefined index:  in /opt/lampp/htdocs/catalog/view/theme/pav_styleshop/template/common/product/default.tpl on line 7
2016-08-24 6:47:09 - PHP Notice:  Undefined index:  in /opt/lampp/htdocs/catalog/view/theme/pav_styleshop/template/common/product/default.tpl on line 7
2016-08-24 6:47:18 - PHP Notice:  Array to string conversion in /opt/lampp/htdocs/catalog/view/theme/pav_styleshop/template/common/product/default.tpl on line 7
2016-08-24 6:47:18 - PHP Notice:  Array to string conversion in /opt/lampp/htdocs/catalog/view/theme/pav_styleshop/template/common/product/default.tpl on line 7
2016-08-24 6:53:20 - PHP Warning:  Invalid argument supplied for foreach() in /opt/lampp/htdocs/catalog/view/theme/pav_styleshop/template/common/product/default.tpl on line 7
2016-08-24 6:53:20 - PHP Warning:  Invalid argument supplied for foreach() in /opt/lampp/htdocs/catalog/view/theme/pav_styleshop/template/common/product/default.tpl on line 7
2016-08-24 6:53:54 - PHP Notice:  Undefined variable: attribute_groups in /opt/lampp/htdocs/catalog/view/theme/pav_styleshop/template/common/product/default.tpl on line 7
2016-08-24 6:53:54 - PHP Warning:  Invalid argument supplied for foreach() in /opt/lampp/htdocs/catalog/view/theme/pav_styleshop/template/common/product/default.tpl on line 7
2016-08-24 6:53:54 - PHP Notice:  Undefined variable: attribute_groups in /opt/lampp/htdocs/catalog/view/theme/pav_styleshop/template/common/product/default.tpl on line 7
2016-08-24 6:53:54 - PHP Warning:  Invalid argument supplied for foreach() in /opt/lampp/htdocs/catalog/view/theme/pav_styleshop/template/common/product/default.tpl on line 7
2016-08-24 6:57:10 - PHP Notice:  Undefined index: tags in /opt/lampp/htdocs/catalog/view/theme/pav_styleshop/template/common/product/default.tpl on line 7
2016-08-24 6:57:10 - PHP Warning:  Invalid argument supplied for foreach() in /opt/lampp/htdocs/catalog/view/theme/pav_styleshop/template/common/product/default.tpl on line 7
2016-08-24 6:57:10 - PHP Notice:  Undefined index: tags in /opt/lampp/htdocs/catalog/view/theme/pav_styleshop/template/common/product/default.tpl on line 7
2016-08-24 6:57:10 - PHP Warning:  Invalid argument supplied for foreach() in /opt/lampp/htdocs/catalog/view/theme/pav_styleshop/template/common/product/default.tpl on line 7
2016-08-24 6:58:47 - PHP Notice:  Undefined index: tags in /opt/lampp/htdocs/catalog/view/theme/pav_styleshop/template/common/product/default.tpl on line 7
2016-08-24 6:58:47 - PHP Warning:  Invalid argument supplied for foreach() in /opt/lampp/htdocs/catalog/view/theme/pav_styleshop/template/common/product/default.tpl on line 7
2016-08-24 6:58:47 - PHP Notice:  Undefined index: tags in /opt/lampp/htdocs/catalog/view/theme/pav_styleshop/template/common/product/default.tpl on line 7
2016-08-24 6:58:47 - PHP Warning:  Invalid argument supplied for foreach() in /opt/lampp/htdocs/catalog/view/theme/pav_styleshop/template/common/product/default.tpl on line 7
2016-08-24 7:01:10 - PHP Notice:  Undefined index: abc in /opt/lampp/htdocs/catalog/view/theme/pav_styleshop/template/common/product/default.tpl on line 7
2016-08-24 7:01:10 - PHP Notice:  Undefined index: abc in /opt/lampp/htdocs/catalog/view/theme/pav_styleshop/template/common/product/default.tpl on line 7
2016-08-24 7:02:04 - PHP Notice:  Undefined index: abc in /opt/lampp/htdocs/catalog/view/theme/pav_styleshop/template/common/product/default.tpl on line 7
2016-08-24 7:02:04 - PHP Notice:  Undefined index: abc in /opt/lampp/htdocs/catalog/view/theme/pav_styleshop/template/common/product/default.tpl on line 7
2016-08-24 7:04:01 - PHP Notice:  Undefined index: abc in /opt/lampp/htdocs/catalog/view/theme/pav_styleshop/template/common/product/default.tpl on line 7
2016-08-24 7:04:01 - PHP Notice:  Undefined index: abc in /opt/lampp/htdocs/catalog/view/theme/pav_styleshop/template/common/product/default.tpl on line 7
2016-08-24 7:04:13 - PHP Notice:  Undefined index: abc in /opt/lampp/htdocs/catalog/view/theme/pav_styleshop/template/common/product/default.tpl on line 7
2016-08-24 7:04:13 - PHP Notice:  Undefined index: abc in /opt/lampp/htdocs/catalog/view/theme/pav_styleshop/template/common/product/default.tpl on line 7
2016-08-24 7:04:13 - PHP Notice:  Undefined index: abc in /opt/lampp/htdocs/catalog/view/theme/pav_styleshop/template/common/product/default.tpl on line 7
2016-08-24 7:04:13 - PHP Notice:  Undefined index: abc in /opt/lampp/htdocs/catalog/view/theme/pav_styleshop/template/common/product/default.tpl on line 7
2016-08-24 7:04:16 - PHP Notice:  Undefined index: abc in /opt/lampp/htdocs/catalog/view/theme/pav_styleshop/template/common/product/default.tpl on line 7
2016-08-24 7:04:16 - PHP Notice:  Undefined index: abc in /opt/lampp/htdocs/catalog/view/theme/pav_styleshop/template/common/product/default.tpl on line 7
2016-08-24 7:04:16 - PHP Notice:  Undefined index: abc in /opt/lampp/htdocs/catalog/view/theme/pav_styleshop/template/common/product/default.tpl on line 7
2016-08-24 7:04:16 - PHP Notice:  Undefined index: abc in /opt/lampp/htdocs/catalog/view/theme/pav_styleshop/template/common/product/default.tpl on line 7
2016-08-24 7:04:18 - PHP Notice:  Undefined index: abc in /opt/lampp/htdocs/catalog/view/theme/pav_styleshop/template/common/product/default.tpl on line 7
2016-08-24 7:04:18 - PHP Notice:  Undefined index: abc in /opt/lampp/htdocs/catalog/view/theme/pav_styleshop/template/common/product/default.tpl on line 7
2016-08-24 7:04:18 - PHP Notice:  Undefined index: abc in /opt/lampp/htdocs/catalog/view/theme/pav_styleshop/template/common/product/default.tpl on line 7
2016-08-24 7:04:18 - PHP Notice:  Undefined index: abc in /opt/lampp/htdocs/catalog/view/theme/pav_styleshop/template/common/product/default.tpl on line 7
2016-08-24 7:04:22 - PHP Notice:  Undefined index: abc in /opt/lampp/htdocs/catalog/view/theme/pav_styleshop/template/common/product/default.tpl on line 7
2016-08-24 7:04:22 - PHP Notice:  Undefined index: abc in /opt/lampp/htdocs/catalog/view/theme/pav_styleshop/template/common/product/default.tpl on line 7
2016-08-24 7:04:22 - PHP Notice:  Undefined index: abc in /opt/lampp/htdocs/catalog/view/theme/pav_styleshop/template/common/product/default.tpl on line 7
2016-08-24 7:04:22 - PHP Notice:  Undefined index: abc in /opt/lampp/htdocs/catalog/view/theme/pav_styleshop/template/common/product/default.tpl on line 7
2016-08-24 7:04:23 - PHP Notice:  Undefined index: abc in /opt/lampp/htdocs/catalog/view/theme/pav_styleshop/template/common/product/default.tpl on line 7
2016-08-24 7:04:23 - PHP Notice:  Undefined index: abc in /opt/lampp/htdocs/catalog/view/theme/pav_styleshop/template/common/product/default.tpl on line 7
2016-08-24 7:04:23 - PHP Notice:  Undefined index: abc in /opt/lampp/htdocs/catalog/view/theme/pav_styleshop/template/common/product/default.tpl on line 7
2016-08-24 7:04:23 - PHP Notice:  Undefined index: abc in /opt/lampp/htdocs/catalog/view/theme/pav_styleshop/template/common/product/default.tpl on line 7
2016-08-24 7:04:23 - PHP Notice:  Undefined index: abc in /opt/lampp/htdocs/catalog/view/theme/pav_styleshop/template/common/product/default.tpl on line 7
2016-08-24 7:04:23 - PHP Notice:  Undefined index: abc in /opt/lampp/htdocs/catalog/view/theme/pav_styleshop/template/common/product/default.tpl on line 7
2016-08-24 7:10:15 - PHP Notice:  Undefined index: abc in /opt/lampp/htdocs/catalog/view/theme/pav_styleshop/template/common/product/default.tpl on line 7
2016-08-24 7:10:15 - PHP Notice:  Undefined index: abc in /opt/lampp/htdocs/catalog/view/theme/pav_styleshop/template/common/product/default.tpl on line 7
2016-08-24 7:10:15 - PHP Notice:  Undefined index: abc in /opt/lampp/htdocs/catalog/view/theme/pav_styleshop/template/common/product/default.tpl on line 7
2016-08-24 7:10:15 - PHP Notice:  Undefined index: abc in /opt/lampp/htdocs/catalog/view/theme/pav_styleshop/template/common/product/default.tpl on line 7
2016-08-24 7:18:03 - PHP Notice:  Trying to get property of non-object in /opt/lampp/htdocs/catalog/view/theme/pav_styleshop/template/common/product/default.tpl on line 7
2016-08-24 7:18:03 - PHP Notice:  Trying to get property of non-object in /opt/lampp/htdocs/catalog/view/theme/pav_styleshop/template/common/product/default.tpl on line 7
2016-08-24 7:18:03 - PHP Notice:  Trying to get property of non-object in /opt/lampp/htdocs/catalog/view/theme/pav_styleshop/template/common/product/default.tpl on line 7
2016-08-24 7:18:03 - PHP Notice:  Trying to get property of non-object in /opt/lampp/htdocs/catalog/view/theme/pav_styleshop/template/common/product/default.tpl on line 7
2016-08-24 21:56:09 - PHP Notice:  Undefined index: route in /opt/lampp/htdocs/catalog/controller/module/pavblogcategory.php on line 35
2016-08-24 21:56:09 - PHP Notice:  Undefined index: route in /opt/lampp/htdocs/catalog/controller/module/pavblogcategory.php on line 35
2016-08-24 21:56:09 - PHP Notice:  Undefined index: route in /opt/lampp/htdocs/catalog/controller/module/pavblogcategory.php on line 35
2016-08-24 21:56:09 - PHP Notice:  Undefined index: route in /opt/lampp/htdocs/catalog/controller/module/pavblogcategory.php on line 35
2016-08-24 21:56:11 - PHP Notice:  Undefined index: route in /opt/lampp/htdocs/catalog/controller/module/pavblogcategory.php on line 35
2016-08-24 21:56:11 - PHP Notice:  Undefined index: route in /opt/lampp/htdocs/catalog/controller/module/pavblogcategory.php on line 35
2016-08-24 21:56:11 - PHP Notice:  Undefined index: route in /opt/lampp/htdocs/catalog/controller/module/pavblogcategory.php on line 35
2016-08-24 21:56:11 - PHP Notice:  Undefined index: route in /opt/lampp/htdocs/catalog/controller/module/pavblogcategory.php on line 35
2016-08-24 21:56:13 - PHP Notice:  Undefined index: route in /opt/lampp/htdocs/catalog/controller/module/pavblogcategory.php on line 35
2016-08-24 21:56:13 - PHP Notice:  Undefined index: route in /opt/lampp/htdocs/catalog/controller/module/pavblogcategory.php on line 35
2016-08-24 21:56:13 - PHP Notice:  Undefined index: route in /opt/lampp/htdocs/catalog/controller/module/pavblogcategory.php on line 35
2016-08-24 21:56:13 - PHP Notice:  Undefined index: route in /opt/lampp/htdocs/catalog/controller/module/pavblogcategory.php on line 35
2016-08-24 21:56:14 - PHP Notice:  Undefined index: route in /opt/lampp/htdocs/catalog/controller/module/pavblogcategory.php on line 35
2016-08-24 21:56:14 - PHP Notice:  Undefined index: route in /opt/lampp/htdocs/catalog/controller/module/pavblogcategory.php on line 35
2016-08-24 21:56:28 - PHP Notice:  Undefined index: route in /opt/lampp/htdocs/catalog/controller/module/pavblogcategory.php on line 35
2016-08-24 21:56:28 - PHP Notice:  Undefined index: route in /opt/lampp/htdocs/catalog/controller/module/pavblogcategory.php on line 35
2016-08-24 22:20:40 - PHP Notice:  Undefined variable: captcha in /opt/lampp/htdocs/catalog/view/theme/pav_styleshop/template/product/product_detail_hitech.tpl on line 336
2016-08-27 11:25:10 - PHP Warning:  DOMDocument::loadXML(): Empty string supplied as input in /opt/lampp/htdocs/admin/controller/extension/modification.php on line 139
2016-08-27 11:25:10 - PHP Notice:  Trying to get property of non-object in /opt/lampp/htdocs/admin/controller/extension/modification.php on line 142
